TN:
SF:config.js
FN:13,getDatabaseUri
FNF:1
FNH:1
FNDA:9,getDatabaseUri
DA:5,4
DA:6,4
DA:8,4
DA:10,4
DA:14,9
DA:22,4
DA:24,4
DA:25,4
DA:26,4
DA:27,4
DA:28,4
DA:29,4
DA:31,4
LF:13
LH:13
BRDA:8,0,0,4
BRDA:8,0,1,3
BRDA:10,1,0,4
BRDA:10,1,1,3
BRDA:14,2,0,6
BRDA:14,2,1,3
BRDA:16,3,0,3
BRDA:16,3,1,1
BRDA:22,4,0,3
BRDA:22,4,1,1
BRF:10
BRH:10
end_of_record
TN:
SF:db.js
FNF:0
FNH:0
DA:3,2
DA:4,2
DA:8,2
DA:9,0
DA:16,2
DA:21,2
DA:23,2
LF:7
LH:6
BRDA:8,0,0,0
BRDA:8,0,1,2
BRF:2
BRH:1
end_of_record
TN:
SF:expressError.js
FN:8,(anonymous_0)
FN:18,(anonymous_1)
FN:26,(anonymous_2)
FN:34,(anonymous_3)
FN:42,(anonymous_4)
FNF:5
FNH:4
FNDA:12,(anonymous_0)
FNDA:6,(anonymous_1)
FNDA:2,(anonymous_2)
FNDA:4,(anonymous_3)
FNDA:0,(anonymous_4)
DA:9,12
DA:10,12
DA:11,12
DA:19,6
DA:27,2
DA:35,4
DA:43,0
DA:47,3
LF:8
LH:7
BRDA:18,0,0,0
BRDA:26,1,0,0
BRDA:34,2,0,0
BRDA:42,3,0,0
BRF:4
BRH:0
end_of_record
TN:
SF:helpers/sql.js
FN:6,sqlForPartialUpdate
FN:13,(anonymous_1)
FNF:2
FNH:2
FNDA:11,sqlForPartialUpdate
FNDA:23,(anonymous_1)
DA:1,3
DA:7,11
DA:9,11
DA:13,9
DA:15,23
DA:18,9
DA:24,3
LF:7
LH:7
BRDA:9,0,0,2
BRDA:9,0,1,9
BRDA:15,1,0,23
BRDA:15,1,1,10
BRF:4
BRH:4
end_of_record
TN:
SF:helpers/tokens.js
FN:6,createToken
FNF:1
FNH:1
FNDA:3,createToken
DA:1,1
DA:2,1
DA:7,3
DA:10,3
DA:15,3
DA:18,1
LF:6
LH:6
BRDA:12,0,0,3
BRDA:12,0,1,2
BRF:2
BRH:2
end_of_record
TN:
SF:models/_testCommon.js
FN:6,commonBeforeAll
FN:33,commonBeforeEach
FN:37,commonAfterEach
FN:41,commonAfterAll
FNF:4
FNH:4
FNDA:2,commonBeforeAll
FNDA:26,commonBeforeEach
FNDA:26,commonAfterEach
FNDA:2,commonAfterAll
DA:1,2
DA:3,2
DA:4,2
DA:8,2
DA:10,2
DA:12,2
DA:18,2
DA:34,26
DA:38,26
DA:42,2
DA:46,2
LF:11
LH:11
BRF:0
BRH:0
end_of_record
TN:
SF:models/company.js
FN:19,(anonymous_0)
FN:52,(anonymous_1)
FN:100,(anonymous_2)
FN:130,(anonymous_3)
FN:160,(anonymous_4)
FNF:5
FNH:5
FNDA:3,(anonymous_0)
FNDA:1,(anonymous_1)
FNDA:2,(anonymous_2)
FNDA:4,(anonymous_3)
FNDA:2,(anonymous_4)
DA:3,1
DA:4,1
DA:5,1
DA:20,3
DA:26,3
DA:27,1
DA:29,2
DA:42,2
DA:44,2
DA:55,1
DA:61,1
DA:62,1
DA:63,1
DA:65,1
DA:67,1
DA:68,0
DA:69,0
DA:70,0
DA:73,1
DA:74,0
DA:75,0
DA:76,0
DA:78,1
DA:79,0
DA:80,0
DA:81,0
DA:84,1
DA:85,0
DA:88,1
DA:89,1
DA:101,2
DA:111,2
DA:113,2
DA:115,1
DA:131,4
DA:137,3
DA:139,3
DA:147,3
DA:148,3
DA:150,3
DA:152,2
DA:161,2
DA:167,2
DA:169,2
DA:174,1
LF:45
LH:35
BRDA:26,0,0,1
BRDA:26,0,1,2
BRDA:52,1,0,1
BRDA:67,2,0,0
BRDA:67,2,1,1
BRDA:73,3,0,0
BRDA:73,3,1,1
BRDA:78,4,0,0
BRDA:78,4,1,1
BRDA:84,5,0,0
BRDA:84,5,1,1
BRDA:113,6,0,1
BRDA:113,6,1,1
BRDA:150,7,0,1
BRDA:150,7,1,2
BRDA:169,8,0,1
BRDA:169,8,1,1
BRF:17
BRH:13
end_of_record
TN:
SF:models/user.js
FN:24,(anonymous_0)
FN:59,(anonymous_1)
FN:104,(anonymous_2)
FN:126,(anonymous_3)
FN:162,(anonymous_4)
FN:195,(anonymous_5)
FNF:6
FNH:6
FNDA:3,(anonymous_0)
FNDA:4,(anonymous_1)
FNDA:1,(anonymous_2)
FNDA:2,(anonymous_3)
FNDA:4,(anonymous_4)
FNDA:2,(anonymous_5)
DA:3,1
DA:4,1
DA:5,1
DA:10,1
DA:12,1
DA:26,3
DA:38,3
DA:40,3
DA:42,1
DA:43,1
DA:44,1
DA:45,1
DA:49,2
DA:61,4
DA:68,4
DA:69,1
DA:72,3
DA:74,3
DA:94,3
DA:96,3
DA:105,1
DA:115,1
DA:127,2
DA:138,2
DA:140,2
DA:142,1
DA:163,4
DA:164,1
DA:167,4
DA:174,3
DA:176,3
DA:184,3
DA:185,3
DA:187,3
DA:189,2
DA:190,2
DA:196,2
DA:203,2
DA:205,2
DA:210,1
LF:40
LH:40
BRDA:40,0,0,1
BRDA:40,0,1,2
BRDA:43,1,0,1
BRDA:43,1,1,0
BRDA:68,2,0,1
BRDA:68,2,1,3
BRDA:140,3,0,1
BRDA:140,3,1,1
BRDA:163,4,0,1
BRDA:163,4,1,3
BRDA:187,5,0,1
BRDA:187,5,1,2
BRDA:205,6,0,1
BRDA:205,6,1,1
BRF:14
BRH:13
end_of_record
